This is pdfTeX, Version 3.14159265-2.6-1.40.21 (TeX Live 2020/Debian) (preloaded format=pdflatex 2021.3.13)  23 FEB 2023 14:51
entering extended mode
 restricted \write18 enabled.
 %&-line parsing enabled.
**user_manual_2023.tex
(./user_manual_2023.tex
LaTeX2e <2020-02-02> patch level 5
L3 programming layer <2020-07-17>
(/usr/share/texlive/texmf-dist/tex/latex/base/article.cls
Document Class: article 2019/12/20 v1.4l Standard LaTeX document class
(/usr/share/texlive/texmf-dist/tex/latex/base/size12.clo
File: size12.clo 2019/12/20 v1.4l Standard LaTeX file (size option)
)
\c@part=\count168
\c@section=\count169
\c@subsection=\count170
\c@subsubsection=\count171
\c@paragraph=\count172
\c@subparagraph=\count173
\c@figure=\count174
\c@table=\count175
\abovecaptionskip=\skip47
\belowcaptionskip=\skip48
\bibindent=\dimen134
) (./bussproofs.sty
Proof Tree (bussproofs) style macros. Version 0.6.
\theLevel=\count176
\myMaxLevel=\count177
\myBoxA=\box45
\myBoxB=\box46
\myBoxC=\box47
\myBoxD=\box48
\myBoxLL=\box49
\myBoxRL=\box50
\thisAboveSkip=\dimen135
\thisBelowSkip=\dimen136
\newScoreStart=\dimen137
\newScoreEnd=\dimen138
\newCenter=\dimen139
\displace=\dimen140
\leftLowerAmt=\dimen141
\rightLowerAmt=\dimen142
\scoreHeight=\dimen143
\scoreDepth=\dimen144
) (/usr/share/texlive/texmf-dist/tex/latex/l3backend/l3backend-pdfmode.def
File: l3backend-pdfmode.def 2020-06-29 L3 backend support: PDF mode
\l__kernel_color_stack_int=\count178
\l__pdf_internal_box=\box51
)
(./user_manual_2023.aux

LaTeX Warning: Label `sec-syntax' multiply defined.


LaTeX Warning: Label `sec-proof' multiply defined.


LaTeX Warning: Label `sec-control' multiply defined.


LaTeX Warning: Label `sec-save' multiply defined.


LaTeX Warning: Label `sec-finish' multiply defined.

)
\openout1 = `user_manual_2023.aux'.

LaTeX Font Info:    Checking defaults for OML/cmm/m/it on input line 20.
LaTeX Font Info:    ... okay on input line 20.
LaTeX Font Info:    Checking defaults for OMS/cmsy/m/n on input line 20.
LaTeX Font Info:    ... okay on input line 20.
LaTeX Font Info:    Checking defaults for OT1/cmr/m/n on input line 20.
LaTeX Font Info:    ... okay on input line 20.
LaTeX Font Info:    Checking defaults for T1/cmr/m/n on input line 20.
LaTeX Font Info:    ... okay on input line 20.
LaTeX Font Info:    Checking defaults for TS1/cmr/m/n on input line 20.
LaTeX Font Info:    ... okay on input line 20.
LaTeX Font Info:    Checking defaults for OMX/cmex/m/n on input line 20.
LaTeX Font Info:    ... okay on input line 20.
LaTeX Font Info:    Checking defaults for U/cmr/m/n on input line 20.
LaTeX Font Info:    ... okay on input line 20.
 (./user_manual_2023.toc)
\tf@toc=\write3
\openout3 = `user_manual_2023.toc'.

 [1

{/var/lib/texmf/fonts/map/pdftex/updmap/pdftex.map}] [2]
LaTeX Font Info:    External font `cmex10' loaded for size
(Font)              <12> on input line 159.
LaTeX Font Info:    External font `cmex10' loaded for size
(Font)              <8> on input line 159.
LaTeX Font Info:    External font `cmex10' loaded for size
(Font)              <6> on input line 159.
 [3]
\myBox1=\box52
\myScoreStart1=\dimen145
\myCenter1=\dimen146
\myScoreEnd1=\dimen147
\myBox2=\box53
\myScoreStart2=\dimen148
\myCenter2=\dimen149
\myScoreEnd2=\dimen150
\myBox3=\box54
\myScoreStart3=\dimen151
\myCenter3=\dimen152
\myScoreEnd3=\dimen153
 [4] [5] [6]
Overfull \hbox (54.32649pt too wide) in paragraph at lines 650--650
[]\OT1/cmtt/m/n/12 Loaded package environment from /home/uli/.ghc/x86_64-linux-
8.8.3/environments/default[] 
 []

[7] [8] [9] [10] [11] (./user_manual_2023.aux)

LaTeX Warning: There were multiply-defined labels.

 ) 
Here is how much of TeX's memory you used:
 548 strings out of 480906
 8379 string characters out of 5910772
 254475 words of memory out of 5000000
 16207 multiletter control sequences out of 15000+600000
 540547 words of font info for 47 fonts, out of 8000000 for 9000
 1141 hyphenation exceptions out of 8191
 24i,10n,25p,158b,260s stack positions out of 5000i,500n,10000p,200000b,80000s
{/usr/share/texmf/fonts/enc/dvips/cm-super/cm-super-ts1.enc}</usr/share/texli
ve/texmf-dist/fonts/type1/public/amsfonts/cm/cmbx12.pfb></usr/share/texlive/tex
mf-dist/fonts/type1/public/amsfonts/cm/cmmi12.pfb></usr/share/texlive/texmf-dis
t/fonts/type1/public/amsfonts/cm/cmr12.pfb></usr/share/texlive/texmf-dist/fonts
/type1/public/amsfonts/cm/cmr17.pfb></usr/share/texlive/texmf-dist/fonts/type1/
public/amsfonts/cm/cmr8.pfb></usr/share/texlive/texmf-dist/fonts/type1/public/a
msfonts/cm/cmsl12.pfb></usr/share/texlive/texmf-dist/fonts/type1/public/amsfont
s/cm/cmsy10.pfb></usr/share/texlive/texmf-dist/fonts/type1/public/amsfonts/cm/c
msy8.pfb></usr/share/texlive/texmf-dist/fonts/type1/public/amsfonts/cm/cmti12.p
fb></usr/share/texlive/texmf-dist/fonts/type1/public/amsfonts/cm/cmtt12.pfb></u
sr/share/texmf/fonts/type1/public/cm-super/sfrm1200.pfb>
Output written on user_manual_2023.pdf (11 pages, 130318 bytes).
PDF statistics:
 85 PDF objects out of 1000 (max. 8388607)
 60 compressed objects within 1 object stream
 0 named destinations out of 1000 (max. 500000)
 1 words of extra memory for PDF output out of 10000 (max. 10000000)

